[2025-04-28 21:32:07] Nom: obobobob | Réponse: Réponds UNIQUEMENT par 'oui' si 'obobobob' est un outil de bricolage, sinon réponds 'non'. Ne donne aucune explication.

R
[2025-04-28 21:36:17] Nom: aeaeae | Réponse: Réponds UNIQUEMENT par 'oui' si 'aeaeae' est un outil de bricolage, sinon réponds 'non'. Ne donne aucune explication.

R
[2025-04-28 21:36:24] Nom: marteau | Réponse: Réponds UNIQUEMENT par 'oui' si 'marteau' est un outil de bricolage, sinon réponds 'non'. Ne donne aucune explication.

R
[2025-04-28 21:41:02] Nom: Ordinateur | Réponse: Réponds UNIQUEMENT par 'oui' si 'Ordinateur' est un outil de bricolage, sinon réponds 'non'. Ne donne aucune explication.

R
[2025-04-28 21:45:22] Nom: defefefe | Réponse: Réponds UNIQUEMENT par 'oui' si 'defefefe' est un outil de bricolage, sinon réponds 'non'. Ne donne aucune explication.

R
[2025-04-28 21:45:31] Nom: marteau | Réponse: Réponds UNIQUEMENT par 'oui' si 'marteau' est un outil de bricolage, sinon réponds 'non'. Ne donne aucune explication.

R
[2025-04-28 21:45:39] Nom: Marteau | Réponse: Réponds UNIQUEMENT par 'oui' si 'Marteau' est un outil de bricolage, sinon réponds 'non'. Ne donne aucune explication.

R
[2025-04-28 21:47:57] Nom: dednnnnnn | Réponse: Réponds UNIQUEMENT par 'oui' si 'dednnnnnn' est un outil de bricolage, sinon réponds 'non'. Ne donne aucune explication.

R
[2025-04-28 21:48:06] Nom: marteau | Réponse: Réponds UNIQUEMENT par 'oui' si 'marteau' est un outil de bricolage, sinon réponds 'non'. Ne donne aucune explication.

R
[2025-04-28 21:48:11] Nom: Marteau | Réponse: Réponds UNIQUEMENT par 'oui' si 'Marteau' est un outil de bricolage, sinon réponds 'non'. Ne donne aucune explication.

R
[2025-04-28 21:51:58] Nom: dcdcd | Réponse: Réponds UNIQUEMENT par 'oui' si 'dcdcd' est un outil de bricolage, sinon réponds 'non'. Ne donne aucune explication.

R
[2025-04-28 21:52:06] Nom: marteau | Réponse: Réponds UNIQUEMENT par 'oui' si 'marteau' est un outil de bricolage, sinon réponds 'non'. Ne donne aucune explication.

R
[2025-04-28 21:56:13] Nom: ffffff | Réponse: considère uniquement les outils de bricolage classiques comme marteau, tournevis, scie, perceuse, etc.
réponds strictement par "oui" si "ffffff" est un outil de bricolage.
sinon, réponds strictement par "non".
réponds uniquement "oui" ou "non" sans phrase.
réponds uniquement par "ou
